<?xml version="1.0" encoding="UTF-8"?>
<!-- Generated by org.testng.reporters.JUnitReportReporter -->
<testsuite hostname="LAPTOP-2B3VV4RM" failures="0" tests="2" name="acti.tests.TaskPageTests" time="67.190" errors="0" timestamp="01 Sep 2022 23:03:34 GMT" skipped="0">
  <testcase classname="acti.tests.TaskPageTests" name="testCreateCustomer" time="31.748"/>
  <testcase classname="acti.tests.TaskPageTests" name="testDeleteCustomer" time="35.442"/>
</testsuite> <!-- acti.tests.TaskPageTests -->
