<?xml version="1.0" encoding="UTF-8"?>
<!-- Generated by org.testng.reporters.JUnitReportReporter -->
<testsuite hostname="LAPTOP-2B3VV4RM" failures="0" tests="4" name="acti.tests.LoginPageTests" time="65.964" errors="0" timestamp="29 Aug 2022 21:15:54 GMT" skipped="0">
  <testcase classname="acti.tests.LoginPageTests" name="testLoginPageTitle" time="15.081"/>
  <testcase classname="acti.tests.LoginPageTests" name="testForgotPasswordLink" time="13.064"/>
  <testcase classname="acti.tests.LoginPageTests" name="testActiLogoIsDisplayed" time="15.123"/>
  <testcase classname="acti.tests.LoginPageTests" name="testLoginFunction" time="22.696"/>
</testsuite> <!-- acti.tests.LoginPageTests -->
