<?xml version="1.0" encoding="UTF-8"?>
<!-- Generated by org.testng.reporters.JUnitReportReporter -->
<testsuite skipped="2" hostname="LAPTOP-2B3VV4RM" name="acti.tests.LoginPageTests" tests="5" failures="0" timestamp="09 Sep 2022 01:06:14 GMT" time="32.659" errors="0">
  <testcase name="testLoginPageTitle" time="7.210" classname="acti.tests.LoginPageTests"/>
  <testcase name="testLoginFunction" time="12.240" classname="acti.tests.LoginPageTests"/>
  <testcase name="testLoginFunction" time="13.209" classname="acti.tests.LoginPageTests"/>
  <testcase name="testForgotPasswordLink" classname="acti.tests.LoginPageTests">
    <skipped/>
  </testcase> <!-- testForgotPasswordLink -->
  <testcase name="testActiLogoIsDisplayed" classname="acti.tests.LoginPageTests">
    <skipped/>
  </testcase> <!-- testActiLogoIsDisplayed -->
</testsuite> <!-- acti.tests.LoginPageTests -->
