<?xml version="1.0" encoding="UTF-8"?>
<!-- Generated by org.testng.reporters.JUnitReportReporter -->
<testsuite hostname="LAPTOP-2B3VV4RM" failures="0" tests="4" name="acti.tests.LoginPageTests" time="60.763" errors="0" timestamp="30 Aug 2022 03:41:46 GMT" skipped="0">
  <testcase classname="acti.tests.LoginPageTests" name="testLoginPageTitle" time="13.748"/>
  <testcase classname="acti.tests.LoginPageTests" name="testForgotPasswordLink" time="16.786"/>
  <testcase classname="acti.tests.LoginPageTests" name="testActiLogoIsDisplayed" time="11.886"/>
  <testcase classname="acti.tests.LoginPageTests" name="testLoginFunction" time="18.343"/>
</testsuite> <!-- acti.tests.LoginPageTests -->
