<?xml version="1.0" encoding="UTF-8"?>
<!-- Generated by org.testng.reporters.JUnitReportReporter -->
<testsuite hostname="LAPTOP-2B3VV4RM" failures="0" tests="1" name="acti.driver.DriverManager" time="9.396" errors="0" timestamp="29 Aug 2022 19:09:54 GMT" skipped="0">
  <testcase classname="acti.driver.DriverManager" name="init_driver" time="9.396"/>
</testsuite> <!-- acti.driver.DriverManager -->
